@rsouza01 ➜ /workspaces/julia-genie-poc (main) $ ./startJuliaNoGenie.sh 
   Resolving package versions...
  No Changes to `~/.julia/environments/v1.10/Project.toml`
  No Changes to `~/.julia/environments/v1.10/Manifest.toml`
  Activating project at `~/.julia/environments/mana`
>>> DEVELOP <<<
   Resolving package versions...
  No Changes to `~/.julia/environments/mana/Project.toml`
  No Changes to `~/.julia/environments/mana/Manifest.toml`
>>> INSTANTIATE <<<
>>> UPDATE <<<
    Updating registry at `~/.julia/registries/General.toml`
  No Changes to `~/.julia/environments/mana/Project.toml`
  No Changes to `~/.julia/environments/mana/Manifest.toml`
>>> PRECOMPILE <<<
┌ Warning: The project dependencies or compat requirements have changed since the manifest was last resolved.
│ It is recommended to `Pkg.resolve()` or consider `Pkg.update()` if necessary.
└ @ Pkg.API /usr/local/julia-1.10.4/share/julia/stdlib/v1.10/Pkg/src/API.jl:1807
PackageCompiler: bundled libraries:
  ├── Base:
  │    ├── libLLVM-15jl.so - 90.304 MiB
  │    ├── libatomic.so.1.2.0 - 160.023 KiB
  │    ├── libdSFMT.so - 21.602 KiB
  │    ├── libgcc_s.so.1 - 714.164 KiB
  │    ├── libgfortran.so.5.0.0 - 9.078 MiB
  │    ├── libgmp.so.10.4.1 - 697.672 KiB
  │    ├── libgmpxx.so.4.6.1 - 35.367 KiB
  │    ├── libgomp.so.1.0.0 - 1.410 MiB
  │    ├── libjulia-codegen.so.1.10.4 - 64.170 MiB
  │    ├── libjulia-internal.so.1.10.4 - 12.229 MiB
  │    ├── libmpfr.so.6.2.0 - 2.402 MiB
  │    ├── libopenlibm.so.4.0 - 221.550 KiB
  │    ├── libpcre2-8.so.0.11.2 - 652.771 KiB
  │    ├── libquadmath.so.0.0.0 - 980.492 KiB
  │    ├── libssp.so.0.0.0 - 35.531 KiB
  │    ├── libstdc++.so.6.0.32 - 20.010 MiB
  │    ├── libunwind.so.8.0.1 - 504.031 KiB
  │    ├── libuv.so.2.0.0 - 600.819 KiB
  │    ├── libz.so.1.2.13 - 116.028 KiB
  │    ├── libjulia.so.1.10.4 - 258.875 KiB
  ├── Stdlibs:
  │   ├── LibCURL_jll
  │   │   ├── libcurl.so.4.8.0 - 738.414 KiB
  │   ├── LibGit2_jll
  │   │   ├── libgit2.so.1.6.4 - 1.630 MiB
  │   ├── LibSSH2_jll
  │   │   ├── libssh2.so.1.0.1 - 311.484 KiB
  │   ├── MbedTLS_jll
  │   │   ├── libmbedcrypto.so.2.28.2 - 639.726 KiB
  │   │   ├── libmbedtls.so.2.28.2 - 287.055 KiB
  │   │   ├── libmbedx509.so.2.28.2 - 174.625 KiB
  │   ├── OpenBLAS_jll
  │   │   ├── libopenblas64_.0.3.23.so - 31.779 MiB
  │   ├── libblastrampoline_jll
  │   │   ├── libblastrampoline.so.5 - 2.667 MiB
  │   ├── nghttp2_jll
  │   │   ├── libnghttp2.so.14.24.1 - 727.496 KiB
  Total library file size: 243.372 MiB
┌ Warning: The project dependencies or compat requirements have changed since the manifest was last resolved.
│ It is recommended to `Pkg.resolve()` or consider `Pkg.update()` if necessary.
└ @ Pkg.API /usr/local/julia-1.10.4/share/julia/stdlib/v1.10/Pkg/src/API.jl:1807
✔ [01m:49s] PackageCompiler: creating compiler .ji image (incremental=false)
⠇ [01m:29s] PackageCompiler: compiling fresh sysimage (incremental=false)
[pid 3689] waiting for IO to finish:
 Handle type        uv_handle_t->data
 timer              0x8a727b0->0x774f1ab74640
✔ [07m:11s] PackageCompiler: compiling fresh sysimage (incremental=false)
┌ Warning: The project dependencies or compat requirements have changed since the manifest was last resolved.
│ It is recommended to `Pkg.resolve()` or consider `Pkg.update()` if necessary.
└ @ Pkg.API /usr/local/julia-1.10.4/share/julia/stdlib/v1.10/Pkg/src/API.jl:1807
Precompiling project...
  6 dependencies successfully precompiled in 16 seconds
✔ [02m:39s] PackageCompiler: compiling nonincremental system image
>>> JuliaNoGeniePoc <<<
@rsouza01 ➜ /workspaces/julia-genie-poc (main) $ 